<?xml version="1.0" encoding="UTF-8"?>
<!-- Generated by org.testng.reporters.JUnitReportReporter -->
<testsuite skipped="0" hostname="INNOPHLT10DV174" name="com.qa.runner_class.LoginAndChat_TestRunner" tests="1" failures="0" timestamp="12 Dec 2019 11:53:57 GMT" time="171.122" errors="0">
  <testcase name="runCukes" time="171.122" classname="com.qa.runner_class.LoginAndChat_TestRunner"/>
</testsuite> <!-- com.qa.runner_class.LoginAndChat_TestRunner -->
