<?xml version="1.0" encoding="UTF-8"?>
<!-- Generated by org.testng.reporters.JUnitReportReporter -->
<testsuite skipped="0" hostname="INNOPHLT10DV174" name="com.qa.runner_class.LoginAndChat_TestRunner3E" tests="1" failures="0" timestamp="12 Dec 2019 11:53:57 GMT" time="210.103" errors="0">
  <testcase name="runCukes1" time="210.103" classname="com.qa.runner_class.LoginAndChat_TestRunner3E"/>
</testsuite> <!-- com.qa.runner_class.LoginAndChat_TestRunner3E -->
