<?xml version="1.0" encoding="UTF-8"?>
<testsuite xmlns:xsi="http://www.w3.org/2001/XMLSchema-instance" xsi:noNamespaceSchemaLocation="https://maven.apache.org/surefire/maven-surefire-plugin/xsd/surefire-test-report-3.0.xsd" version="3.0" name="com.qa.runner.TestRunner" time="104.723" tests="13" errors="0" skipped="0" failures="0">
  <properties>
    <property name="sun.desktop" value="windows"/>
    <property name="awt.toolkit" value="sun.awt.windows.WToolkit"/>
    <property name="file.encoding.pkg" value="sun.io"/>
    <property name="java.specification.version" value="1.8"/>
    <property name="sun.cpu.isalist" value="amd64"/>
    <property name="sun.jnu.encoding" value="Cp1252"/>
    <property name="java.class.path" value="C:\Users\pnehra\eclipse-workspace\TPro_StockAutomation\target\test-classes;C:\Users\pnehra\eclipse-workspace\TPro_StockAutomation\target\classes;C:\Users\pnehra\.m2\repository\info\cukes\cucumber-java\1.2.5\cucumber-java-1.2.5.jar;C:\Users\pnehra\.m2\repository\info\cukes\cucumber-junit\1.2.5\cucumber-junit-1.2.5.jar;C:\Users\pnehra\.m2\repository\info\cukes\cucumber-core\1.2.5\cucumber-core-1.2.5.jar;C:\Users\pnehra\.m2\repository\info\cukes\cucumber-html\0.2.3\cucumber-html-0.2.3.jar;C:\Users\pnehra\.m2\repository\info\cukes\cucumber-jvm-deps\1.0.5\cucumber-jvm-deps-1.0.5.jar;C:\Users\pnehra\.m2\repository\info\cukes\gherkin-jvm-deps\1.0.3\gherkin-jvm-deps-1.0.3.jar;C:\Users\pnehra\.m2\repository\info\cukes\gherkin\2.12.2\gherkin-2.12.2.jar;C:\Users\pnehra\.m2\repository\junit\junit\4.12\junit-4.12.jar;C:\Users\pnehra\.m2\repository\org\hamcrest\hamcrest-core\1.3\hamcrest-core-1.3.jar;C:\Users\pnehra\.m2\repository\org\seleniumhq\selenium\selenium-java\3.5.2\selenium-java-3.5.2.jar;C:\Users\pnehra\.m2\repository\org\seleniumhq\selenium\selenium-api\3.5.2\selenium-api-3.5.2.jar;C:\Users\pnehra\.m2\repository\org\seleniumhq\selenium\selenium-chrome-driver\3.5.2\selenium-chrome-driver-3.5.2.jar;C:\Users\pnehra\.m2\repository\org\seleniumhq\selenium\selenium-edge-driver\3.5.2\selenium-edge-driver-3.5.2.jar;C:\Users\pnehra\.m2\repository\org\seleniumhq\selenium\selenium-firefox-driver\3.5.2\selenium-firefox-driver-3.5.2.jar;C:\Users\pnehra\.m2\repository\org\seleniumhq\selenium\selenium-ie-driver\3.5.2\selenium-ie-driver-3.5.2.jar;C:\Users\pnehra\.m2\repository\org\seleniumhq\selenium\selenium-opera-driver\3.5.2\selenium-opera-driver-3.5.2.jar;C:\Users\pnehra\.m2\repository\org\seleniumhq\selenium\selenium-remote-driver\3.5.2\selenium-remote-driver-3.5.2.jar;C:\Users\pnehra\.m2\repository\org\seleniumhq\selenium\selenium-safari-driver\3.5.2\selenium-safari-driver-3.5.2.jar;C:\Users\pnehra\.m2\repository\org\seleniumhq\selenium\selenium-support\3.5.2\selenium-support-3.5.2.jar;C:\Users\pnehra\.m2\repository\cglib\cglib-nodep\3.2.4\cglib-nodep-3.2.4.jar;C:\Users\pnehra\.m2\repository\org\apache\commons\commons-exec\1.3\commons-exec-1.3.jar;C:\Users\pnehra\.m2\repository\org\apache\commons\commons-lang3\3.5\commons-lang3-3.5.jar;C:\Users\pnehra\.m2\repository\commons-codec\commons-codec\1.10\commons-codec-1.10.jar;C:\Users\pnehra\.m2\repository\commons-logging\commons-logging\1.2\commons-logging-1.2.jar;C:\Users\pnehra\.m2\repository\org\w3c\css\sac\1.3\sac-1.3.jar;C:\Users\pnehra\.m2\repository\net\sourceforge\cssparser\cssparser\0.9.23\cssparser-0.9.23.jar;C:\Users\pnehra\.m2\repository\com\google\code\gson\gson\2.8.0\gson-2.8.0.jar;C:\Users\pnehra\.m2\repository\com\google\guava\guava\23.0\guava-23.0.jar;C:\Users\pnehra\.m2\repository\com\google\code\findbugs\jsr305\1.3.9\jsr305-1.3.9.jar;C:\Users\pnehra\.m2\repository\com\google\errorprone\error_prone_annotations\2.0.18\error_prone_annotations-2.0.18.jar;C:\Users\pnehra\.m2\repository\com\google\j2objc\j2objc-annotations\1.1\j2objc-annotations-1.1.jar;C:\Users\pnehra\.m2\repository\org\codehaus\mojo\animal-sniffer-annotations\1.14\animal-sniffer-annotations-1.14.jar;C:\Users\pnehra\.m2\repository\net\sourceforge\htmlunit\htmlunit\2.27\htmlunit-2.27.jar;C:\Users\pnehra\.m2\repository\net\sourceforge\htmlunit\htmlunit-core-js\2.27\htmlunit-core-js-2.27.jar;C:\Users\pnehra\.m2\repository\net\sourceforge\htmlunit\neko-htmlunit\2.27\neko-htmlunit-2.27.jar;C:\Users\pnehra\.m2\repository\org\apache\httpcomponents\httpclient\4.5.3\httpclient-4.5.3.jar;C:\Users\pnehra\.m2\repository\org\apache\httpcomponents\httpcore\4.4.6\httpcore-4.4.6.jar;C:\Users\pnehra\.m2\repository\org\apache\httpcomponents\httpmime\4.5.3\httpmime-4.5.3.jar;C:\Users\pnehra\.m2\repository\org\eclipse\jetty\jetty-client\9.4.5.v20170502\jetty-client-9.4.5.v20170502.jar;C:\Users\pnehra\.m2\repository\org\eclipse\jetty\jetty-http\9.4.5.v20170502\jetty-http-9.4.5.v20170502.jar;C:\Users\pnehra\.m2\repository\org\eclipse\jetty\jetty-io\9.4.5.v20170502\jetty-io-9.4.5.v20170502.jar;C:\Users\pnehra\.m2\repository\org\eclipse\jetty\jetty-util\9.4.5.v20170502\jetty-util-9.4.5.v20170502.jar;C:\Users\pnehra\.m2\repository\net\java\dev\jna\jna\4.1.0\jna-4.1.0.jar;C:\Users\pnehra\.m2\repository\net\java\dev\jna\jna-platform\4.1.0\jna-platform-4.1.0.jar;C:\Users\pnehra\.m2\repository\com\codeborne\phantomjsdriver\1.4.0\phantomjsdriver-1.4.0.jar;C:\Users\pnehra\.m2\repository\org\seleniumhq\selenium\htmlunit-driver\2.27\htmlunit-driver-2.27.jar;C:\Users\pnehra\.m2\repository\javax\servlet\javax.servlet-api\3.1.0\javax.servlet-api-3.1.0.jar;C:\Users\pnehra\.m2\repository\org\eclipse\jetty\websocket\websocket-api\9.4.5.v20170502\websocket-api-9.4.5.v20170502.jar;C:\Users\pnehra\.m2\repository\org\eclipse\jetty\websocket\websocket-client\9.4.5.v20170502\websocket-client-9.4.5.v20170502.jar;C:\Users\pnehra\.m2\repository\org\eclipse\jetty\websocket\websocket-common\9.4.5.v20170502\websocket-common-9.4.5.v20170502.jar;C:\Users\pnehra\.m2\repository\xalan\serializer\2.7.2\serializer-2.7.2.jar;C:\Users\pnehra\.m2\repository\xalan\xalan\2.7.2\xalan-2.7.2.jar;C:\Users\pnehra\.m2\repository\xerces\xercesImpl\2.11.0\xercesImpl-2.11.0.jar;C:\Users\pnehra\.m2\repository\xml-apis\xml-apis\1.4.01\xml-apis-1.4.01.jar;C:\Users\pnehra\.m2\repository\io\github\bonigarcia\webdrivermanager\3.0.0\webdrivermanager-3.0.0.jar;C:\Users\pnehra\.m2\repository\org\slf4j\slf4j-api\1.7.25\slf4j-api-1.7.25.jar;C:\Users\pnehra\.m2\repository\org\rauschig\jarchivelib\0.8.0\jarchivelib-0.8.0.jar;C:\Users\pnehra\.m2\repository\org\apache\commons\commons-compress\1.14\commons-compress-1.14.jar;C:\Users\pnehra\.m2\repository\org\jsoup\jsoup\1.11.3\jsoup-1.11.3.jar;C:\Users\pnehra\.m2\repository\commons-io\commons-io\2.6\commons-io-2.6.jar;C:\Users\pnehra\.m2\repository\com\vimalselvam\cucumber-extentsreport\3.0.0\cucumber-extentsreport-3.0.0.jar;C:\Users\pnehra\.m2\repository\com\aventstack\extentreports\3.1.5\extentreports-3.1.5.jar;C:\Users\pnehra\.m2\repository\org\freemarker\freemarker\2.3.23\freemarker-2.3.23.jar;C:\Users\pnehra\.m2\repository\org\mongodb\mongodb-driver\3.3.0\mongodb-driver-3.3.0.jar;C:\Users\pnehra\.m2\repository\org\mongodb\bson\3.3.0\bson-3.3.0.jar;C:\Users\pnehra\.m2\repository\org\mongodb\mongodb-driver-core\3.3.0\mongodb-driver-core-3.3.0.jar;C:\Users\pnehra\.m2\repository\log4j\log4j\1.2.17\log4j-1.2.17.jar;"/>
    <property name="java.vm.vendor" value="Oracle Corporation"/>
    <property name="sun.arch.data.model" value="64"/>
    <property name="user.variant" value=""/>
    <property name="java.vendor.url" value="http://java.oracle.com/"/>
    <property name="user.timezone" value="Asia/Calcutta"/>
    <property name="java.vm.specification.version" value="1.8"/>
    <property name="os.name" value="Windows 10"/>
    <property name="user.country" value="US"/>
    <property name="sun.java.launcher" value="SUN_STANDARD"/>
    <property name="sun.boot.library.path" value="C:\Program Files\Java\jdk1.8.0_191\jre\bin"/>
    <property name="sun.java.command" value="C:\Users\pnehra\AppData\Local\Temp\surefire6308806249280229360\surefirebooter3530897508698542728.jar C:\Users\pnehra\AppData\Local\Temp\surefire6308806249280229360 2019-01-21T16-57-36_449-jvmRun1 surefire950793075948397804tmp surefire_06739514486105750667tmp"/>
    <property name="surefire.test.class.path" value="C:\Users\pnehra\eclipse-workspace\TPro_StockAutomation\target\test-classes;C:\Users\pnehra\eclipse-workspace\TPro_StockAutomation\target\classes;C:\Users\pnehra\.m2\repository\info\cukes\cucumber-java\1.2.5\cucumber-java-1.2.5.jar;C:\Users\pnehra\.m2\repository\info\cukes\cucumber-junit\1.2.5\cucumber-junit-1.2.5.jar;C:\Users\pnehra\.m2\repository\info\cukes\cucumber-core\1.2.5\cucumber-core-1.2.5.jar;C:\Users\pnehra\.m2\repository\info\cukes\cucumber-html\0.2.3\cucumber-html-0.2.3.jar;C:\Users\pnehra\.m2\repository\info\cukes\cucumber-jvm-deps\1.0.5\cucumber-jvm-deps-1.0.5.jar;C:\Users\pnehra\.m2\repository\info\cukes\gherkin-jvm-deps\1.0.3\gherkin-jvm-deps-1.0.3.jar;C:\Users\pnehra\.m2\repository\info\cukes\gherkin\2.12.2\gherkin-2.12.2.jar;C:\Users\pnehra\.m2\repository\junit\junit\4.12\junit-4.12.jar;C:\Users\pnehra\.m2\repository\org\hamcrest\hamcrest-core\1.3\hamcrest-core-1.3.jar;C:\Users\pnehra\.m2\repository\org\seleniumhq\selenium\selenium-java\3.5.2\selenium-java-3.5.2.jar;C:\Users\pnehra\.m2\repository\org\seleniumhq\selenium\selenium-api\3.5.2\selenium-api-3.5.2.jar;C:\Users\pnehra\.m2\repository\org\seleniumhq\selenium\selenium-chrome-driver\3.5.2\selenium-chrome-driver-3.5.2.jar;C:\Users\pnehra\.m2\repository\org\seleniumhq\selenium\selenium-edge-driver\3.5.2\selenium-edge-driver-3.5.2.jar;C:\Users\pnehra\.m2\repository\org\seleniumhq\selenium\selenium-firefox-driver\3.5.2\selenium-firefox-driver-3.5.2.jar;C:\Users\pnehra\.m2\repository\org\seleniumhq\selenium\selenium-ie-driver\3.5.2\selenium-ie-driver-3.5.2.jar;C:\Users\pnehra\.m2\repository\org\seleniumhq\selenium\selenium-opera-driver\3.5.2\selenium-opera-driver-3.5.2.jar;C:\Users\pnehra\.m2\repository\org\seleniumhq\selenium\selenium-remote-driver\3.5.2\selenium-remote-driver-3.5.2.jar;C:\Users\pnehra\.m2\repository\org\seleniumhq\selenium\selenium-safari-driver\3.5.2\selenium-safari-driver-3.5.2.jar;C:\Users\pnehra\.m2\repository\org\seleniumhq\selenium\selenium-support\3.5.2\selenium-support-3.5.2.jar;C:\Users\pnehra\.m2\repository\cglib\cglib-nodep\3.2.4\cglib-nodep-3.2.4.jar;C:\Users\pnehra\.m2\repository\org\apache\commons\commons-exec\1.3\commons-exec-1.3.jar;C:\Users\pnehra\.m2\repository\org\apache\commons\commons-lang3\3.5\commons-lang3-3.5.jar;C:\Users\pnehra\.m2\repository\commons-codec\commons-codec\1.10\commons-codec-1.10.jar;C:\Users\pnehra\.m2\repository\commons-logging\commons-logging\1.2\commons-logging-1.2.jar;C:\Users\pnehra\.m2\repository\org\w3c\css\sac\1.3\sac-1.3.jar;C:\Users\pnehra\.m2\repository\net\sourceforge\cssparser\cssparser\0.9.23\cssparser-0.9.23.jar;C:\Users\pnehra\.m2\repository\com\google\code\gson\gson\2.8.0\gson-2.8.0.jar;C:\Users\pnehra\.m2\repository\com\google\guava\guava\23.0\guava-23.0.jar;C:\Users\pnehra\.m2\repository\com\google\code\findbugs\jsr305\1.3.9\jsr305-1.3.9.jar;C:\Users\pnehra\.m2\repository\com\google\errorprone\error_prone_annotations\2.0.18\error_prone_annotations-2.0.18.jar;C:\Users\pnehra\.m2\repository\com\google\j2objc\j2objc-annotations\1.1\j2objc-annotations-1.1.jar;C:\Users\pnehra\.m2\repository\org\codehaus\mojo\animal-sniffer-annotations\1.14\animal-sniffer-annotations-1.14.jar;C:\Users\pnehra\.m2\repository\net\sourceforge\htmlunit\htmlunit\2.27\htmlunit-2.27.jar;C:\Users\pnehra\.m2\repository\net\sourceforge\htmlunit\htmlunit-core-js\2.27\htmlunit-core-js-2.27.jar;C:\Users\pnehra\.m2\repository\net\sourceforge\htmlunit\neko-htmlunit\2.27\neko-htmlunit-2.27.jar;C:\Users\pnehra\.m2\repository\org\apache\httpcomponents\httpclient\4.5.3\httpclient-4.5.3.jar;C:\Users\pnehra\.m2\repository\org\apache\httpcomponents\httpcore\4.4.6\httpcore-4.4.6.jar;C:\Users\pnehra\.m2\repository\org\apache\httpcomponents\httpmime\4.5.3\httpmime-4.5.3.jar;C:\Users\pnehra\.m2\repository\org\eclipse\jetty\jetty-client\9.4.5.v20170502\jetty-client-9.4.5.v20170502.jar;C:\Users\pnehra\.m2\repository\org\eclipse\jetty\jetty-http\9.4.5.v20170502\jetty-http-9.4.5.v20170502.jar;C:\Users\pnehra\.m2\repository\org\eclipse\jetty\jetty-io\9.4.5.v20170502\jetty-io-9.4.5.v20170502.jar;C:\Users\pnehra\.m2\repository\org\eclipse\jetty\jetty-util\9.4.5.v20170502\jetty-util-9.4.5.v20170502.jar;C:\Users\pnehra\.m2\repository\net\java\dev\jna\jna\4.1.0\jna-4.1.0.jar;C:\Users\pnehra\.m2\repository\net\java\dev\jna\jna-platform\4.1.0\jna-platform-4.1.0.jar;C:\Users\pnehra\.m2\repository\com\codeborne\phantomjsdriver\1.4.0\phantomjsdriver-1.4.0.jar;C:\Users\pnehra\.m2\repository\org\seleniumhq\selenium\htmlunit-driver\2.27\htmlunit-driver-2.27.jar;C:\Users\pnehra\.m2\repository\javax\servlet\javax.servlet-api\3.1.0\javax.servlet-api-3.1.0.jar;C:\Users\pnehra\.m2\repository\org\eclipse\jetty\websocket\websocket-api\9.4.5.v20170502\websocket-api-9.4.5.v20170502.jar;C:\Users\pnehra\.m2\repository\org\eclipse\jetty\websocket\websocket-client\9.4.5.v20170502\websocket-client-9.4.5.v20170502.jar;C:\Users\pnehra\.m2\repository\org\eclipse\jetty\websocket\websocket-common\9.4.5.v20170502\websocket-common-9.4.5.v20170502.jar;C:\Users\pnehra\.m2\repository\xalan\serializer\2.7.2\serializer-2.7.2.jar;C:\Users\pnehra\.m2\repository\xalan\xalan\2.7.2\xalan-2.7.2.jar;C:\Users\pnehra\.m2\repository\xerces\xercesImpl\2.11.0\xercesImpl-2.11.0.jar;C:\Users\pnehra\.m2\repository\xml-apis\xml-apis\1.4.01\xml-apis-1.4.01.jar;C:\Users\pnehra\.m2\repository\io\github\bonigarcia\webdrivermanager\3.0.0\webdrivermanager-3.0.0.jar;C:\Users\pnehra\.m2\repository\org\slf4j\slf4j-api\1.7.25\slf4j-api-1.7.25.jar;C:\Users\pnehra\.m2\repository\org\rauschig\jarchivelib\0.8.0\jarchivelib-0.8.0.jar;C:\Users\pnehra\.m2\repository\org\apache\commons\commons-compress\1.14\commons-compress-1.14.jar;C:\Users\pnehra\.m2\repository\org\jsoup\jsoup\1.11.3\jsoup-1.11.3.jar;C:\Users\pnehra\.m2\repository\commons-io\commons-io\2.6\commons-io-2.6.jar;C:\Users\pnehra\.m2\repository\com\vimalselvam\cucumber-extentsreport\3.0.0\cucumber-extentsreport-3.0.0.jar;C:\Users\pnehra\.m2\repository\com\aventstack\extentreports\3.1.5\extentreports-3.1.5.jar;C:\Users\pnehra\.m2\repository\org\freemarker\freemarker\2.3.23\freemarker-2.3.23.jar;C:\Users\pnehra\.m2\repository\org\mongodb\mongodb-driver\3.3.0\mongodb-driver-3.3.0.jar;C:\Users\pnehra\.m2\repository\org\mongodb\bson\3.3.0\bson-3.3.0.jar;C:\Users\pnehra\.m2\repository\org\mongodb\mongodb-driver-core\3.3.0\mongodb-driver-core-3.3.0.jar;C:\Users\pnehra\.m2\repository\log4j\log4j\1.2.17\log4j-1.2.17.jar;"/>
    <property name="sun.cpu.endian" value="little"/>
    <property name="user.home" value="C:\Users\pnehra"/>
    <property name="user.language" value="en"/>
    <property name="java.specification.vendor" value="Oracle Corporation"/>
    <property name="java.home" value="C:\Program Files\Java\jdk1.8.0_191\jre"/>
    <property name="basedir" value="C:\Users\pnehra\eclipse-workspace\TPro_StockAutomation"/>
    <property name="file.separator" value="\"/>
    <property name="line.separator" value="&#10;"/>
    <property name="java.vm.specification.vendor" value="Oracle Corporation"/>
    <property name="java.specification.name" value="Java Platform API Specification"/>
    <property name="java.awt.graphicsenv" value="sun.awt.Win32GraphicsEnvironment"/>
    <property name="surefire.real.class.path" value="C:\Users\pnehra\AppData\Local\Temp\surefire6308806249280229360\surefirebooter3530897508698542728.jar"/>
    <property name="sun.boot.class.path" value="C:\Program Files\Java\jdk1.8.0_191\jre\lib\resources.jar;C:\Program Files\Java\jdk1.8.0_191\jre\lib\rt.jar;C:\Program Files\Java\jdk1.8.0_191\jre\lib\sunrsasign.jar;C:\Program Files\Java\jdk1.8.0_191\jre\lib\jsse.jar;C:\Program Files\Java\jdk1.8.0_191\jre\lib\jce.jar;C:\Program Files\Java\jdk1.8.0_191\jre\lib\charsets.jar;C:\Program Files\Java\jdk1.8.0_191\jre\lib\jfr.jar;C:\Program Files\Java\jdk1.8.0_191\jre\classes"/>
    <property name="user.script" value=""/>
    <property name="sun.management.compiler" value="HotSpot 64-Bit Tiered Compilers"/>
    <property name="java.runtime.version" value="1.8.0_191-b12"/>
    <property name="user.name" value="pnehra"/>
    <property name="path.separator" value=";"/>
    <property name="os.version" value="10.0"/>
    <property name="java.endorsed.dirs" value="C:\Program Files\Java\jdk1.8.0_191\jre\lib\endorsed"/>
    <property name="java.runtime.name" value="Java(TM) SE Runtime Environment"/>
    <property name="file.encoding" value="Cp1252"/>
    <property name="java.vm.name" value="Java HotSpot(TM) 64-Bit Server VM"/>
    <property name="localRepository" value="C:\Users\pnehra\.m2\repository"/>
    <property name="java.vendor.url.bug" value="http://bugreport.sun.com/bugreport/"/>
    <property name="java.io.tmpdir" value="C:\Users\pnehra\AppData\Local\Temp\"/>
    <property name="java.version" value="1.8.0_191"/>
    <property name="user.dir" value="C:\Users\pnehra\eclipse-workspace\TPro_StockAutomation"/>
    <property name="os.arch" value="amd64"/>
    <property name="java.vm.specification.name" value="Java Virtual Machine Specification"/>
    <property name="java.awt.printerjob" value="sun.awt.windows.WPrinterJob"/>
    <property name="sun.os.patch.level" value=""/>
    <property name="java.library.path" value="C:\Program Files\Java\jdk1.8.0_191\jre\bin;C:\Windows\Sun\Java\bin;C:\Windows\system32;C:\Windows;C:\Users\pnehra\.jenkins\tools\hudson.tasks.Maven_MavenInstallation\TestMaven/bin;C:\Program Files\Java\jdk1.8.0_191/bin;C:\Program Files\Java\jdk1.8.0_191/bin;C:\Program Files (x86)\Common Files\Oracle\Java\javapath;C:\Windows\system32;C:\Windows;C:\Windows\System32\Wbem;C:\Windows\System32\WindowsPowerShell\v1.0\;C:\Windows\System32\OpenSSH\;C:\Program Files\Microsoft SQL Server\120\Tools\Binn\;C:\Program Files\Microsoft SQL Server\Client SDK\ODBC\110\Tools\Binn\;C:\Program Files (x86)\Microsoft SQL Server\120\Tools\Binn\;C:\Program Files\Microsoft SQL Server\120\DTS\Binn\;C:\Program Files (x86)\Microsoft SQL Server\120\Tools\Binn\ManagementStudio\;C:\Program Files (x86)\Microsoft SQL Server\120\DTS\Binn\;C:\Program Files\Git\cmd;C:\Users\pnehra\AppData\Local\Microsoft\WindowsApps;;."/>
    <property name="java.vm.info" value="mixed mode"/>
    <property name="java.vendor" value="Oracle Corporation"/>
    <property name="java.vm.version" value="25.191-b12"/>
    <property name="java.ext.dirs" value="C:\Program Files\Java\jdk1.8.0_191\jre\lib\ext;C:\Windows\Sun\Java\lib\ext"/>
    <property name="sun.io.unicode.encoding" value="UnicodeLittle"/>
    <property name="java.class.version" value="52.0"/>
  </properties>
  <testcase name="Given user open browser" classname="Scenario: Validate home page open a KPI and report do a DD and add Dimension" time="0.001"/>
  <testcase name="Then user is on login page" classname="Scenario: Validate home page open a KPI and report do a DD and add Dimension" time="0"/>
  <testcase name="Then user logs into app" classname="Scenario: Validate home page open a KPI and report do a DD and add Dimension" time="0"/>
  <testcase name="Then click on KPIMenu" classname="Scenario: Validate home page open a KPI and report do a DD and add Dimension" time="0"/>
  <testcase name="Given user is on home page" classname="Scenario: Validate home page open a KPI and report do a DD and add Dimension" time="0"/>
  <testcase name="Then validate home page DashboardSettings Icon" classname="Scenario: Validate home page open a KPI and report do a DD and add Dimension" time="0"/>
  <testcase name="Then open a KPI" classname="Scenario: Validate home page open a KPI and report do a DD and add Dimension" time="0"/>
  <testcase name="Then verify KPi is open without error" classname="Scenario: Validate home page open a KPI and report do a DD and add Dimension" time="0"/>
  <testcase name="Then Open Radial Menu and DD by any option" classname="Scenario: Validate home page open a KPI and report do a DD and add Dimension" time="0"/>
  <testcase name="Then open the report view" classname="Scenario: Validate home page open a KPI and report do a DD and add Dimension" time="0"/>
  <testcase name="Then full view and add dimension" classname="Scenario: Validate home page open a KPI and report do a DD and add Dimension" time="0"/>
  <testcase name="Then close the browser" classname="Scenario: Validate home page open a KPI and report do a DD and add Dimension" time="0"/>
  <testcase name="Scenario: Validate home page open a KPI and report do a DD and add Dimension" classname="Scenario: Validate home page open a KPI and report do a DD and add Dimension" time="0.005"/>
</testsuite>