<?xml version="1.0" encoding="UTF-8"?>
<!-- Generated by org.testng.reporters.JUnitReportReporter -->
<testsuite skipped="0" hostname="INNOPHLT10DV174" name="com.qa.runner_class.LoginAndChat_TestRunner" tests="1" failures="0" timestamp="09 Dec 2019 07:42:27 GMT" time="88.040" errors="0">
  <testcase name="runCukes" time="88.040" classname="com.qa.runner_class.LoginAndChat_TestRunner"/>
</testsuite> <!-- com.qa.runner_class.LoginAndChat_TestRunner -->
